0 info it worked if it ends with ok
1 verbose cli [ '/Users/carsonnwright/.nvm/versions/node/v7.5.0/bin/node',
1 verbose cli   '/Users/carsonnwright/.nvm/versions/node/v7.5.0/bin/npm',
1 verbose cli   'publish' ]
2 info using npm@4.1.2
3 info using node@v7.5.0
4 verbose publish [ '.' ]
5 silly cache add args [ '.', null ]
6 verbose cache add spec .
7 silly cache add parsed spec Result {
7 silly cache add   raw: '.',
7 silly cache add   scope: null,
7 silly cache add   escapedName: null,
7 silly cache add   name: null,
7 silly cache add   rawSpec: '.',
7 silly cache add   spec: '/Users/carsonnwright/Projects/karma-step-test',
7 silly cache add   type: 'directory' }
8 verbose addLocalDirectory /Users/carsonnwright/.npm/karma-step-test/0.0.6/package.tgz not in flight; packing
9 verbose correctMkdir /Users/carsonnwright/.npm correctMkdir not in flight; initializing
10 info lifecycle karma-step-test@0.0.6~prepublish: karma-step-test@0.0.6
11 silly lifecycle karma-step-test@0.0.6~prepublish: no script for prepublish, continuing
12 info lifecycle karma-step-test@0.0.6~prepare: karma-step-test@0.0.6
13 silly lifecycle karma-step-test@0.0.6~prepare: no script for prepare, continuing
14 verbose tar pack [ '/Users/carsonnwright/.npm/karma-step-test/0.0.6/package.tgz',
14 verbose tar pack   '/Users/carsonnwright/Projects/karma-step-test' ]
15 verbose tarball /Users/carsonnwright/.npm/karma-step-test/0.0.6/package.tgz
16 verbose folder /Users/carsonnwright/Projects/karma-step-test
17 verbose addLocalTarball adding from inside cache /Users/carsonnwright/.npm/karma-step-test/0.0.6/package.tgz
18 verbose correctMkdir /Users/carsonnwright/.npm correctMkdir not in flight; initializing
19 silly cache afterAdd karma-step-test@0.0.6
20 verbose afterAdd /Users/carsonnwright/.npm/karma-step-test/0.0.6/package/package.json not in flight; writing
21 verbose correctMkdir /Users/carsonnwright/.npm correctMkdir not in flight; initializing
22 verbose afterAdd /Users/carsonnwright/.npm/karma-step-test/0.0.6/package/package.json written
23 silly publish { name: 'karma-step-test',
23 silly publish   version: '0.0.6',
23 silly publish   description: 'A test helper for running items step by step',
23 silly publish   main: './src/karma-step-test.js',
23 silly publish   scripts: { test: 'node test.js' },
23 silly publish   author: { name: 'Carson Wright' },
23 silly publish   license: 'ISC',
23 silly publish   devDependencies:
23 silly publish    { babel: '^6.23.0',
23 silly publish      'babel-cli': '^6.24.0',
23 silly publish      'babel-preset-es2015': '^6.24.0' },
23 silly publish   dependencies: { 'step-test': '^0.1.6' },
23 silly publish   readme: 'ERROR: No README data found!',
23 silly publish   readmeFilename: 'README.md',
23 silly publish   gitHead: '2b246eb249015710303799c646e1c9464c430c3b',
23 silly publish   _id: 'karma-step-test@0.0.6',
23 silly publish   _shasum: '1e52b70be4d85f3bff1a748b67a7d3b8c1efa367',
23 silly publish   _from: '.' }
24 info lifecycle karma-step-test@0.0.6~prepublishOnly: karma-step-test@0.0.6
25 silly lifecycle karma-step-test@0.0.6~prepublishOnly: no script for prepublishOnly, continuing
26 verbose getPublishConfig undefined
27 silly mapToRegistry name karma-step-test
28 silly mapToRegistry using default registry
29 silly mapToRegistry registry https://registry.npmjs.org/
30 silly mapToRegistry data Result {
30 silly mapToRegistry   raw: 'karma-step-test',
30 silly mapToRegistry   scope: null,
30 silly mapToRegistry   escapedName: 'karma-step-test',
30 silly mapToRegistry   name: 'karma-step-test',
30 silly mapToRegistry   rawSpec: '',
30 silly mapToRegistry   spec: 'latest',
30 silly mapToRegistry   type: 'tag' }
31 silly mapToRegistry uri https://registry.npmjs.org/karma-step-test
32 verbose publish registryBase https://registry.npmjs.org/
33 silly publish uploading /Users/carsonnwright/.npm/karma-step-test/0.0.6/package.tgz
34 verbose request uri https://registry.npmjs.org/karma-step-test
35 verbose request sending authorization for write operation
36 info attempt registry request try #1 at 11:30:45 PM
37 verbose request using bearer token for auth
38 verbose request id a90c23a11938b9bf
39 http request PUT https://registry.npmjs.org/karma-step-test
40 http 403 https://registry.npmjs.org/karma-step-test
41 verbose headers { 'content-type': 'application/json',
41 verbose headers   'cache-control': 'max-age=300',
41 verbose headers   'content-length': '95',
41 verbose headers   'accept-ranges': 'bytes',
41 verbose headers   date: 'Sat, 18 Mar 2017 03:30:46 GMT',
41 verbose headers   via: '1.1 varnish',
41 verbose headers   connection: 'keep-alive',
41 verbose headers   'x-served-by': 'cache-iad2149-IAD',
41 verbose headers   'x-cache': 'MISS',
41 verbose headers   'x-cache-hits': '0',
41 verbose headers   'x-timer': 'S1489807845.666744,VS0,VE625',
41 verbose headers   vary: 'Accept-Encoding' }
42 verbose request invalidating /Users/carsonnwright/.npm/registry.npmjs.org/karma-step-test on PUT
43 error publish Failed PUT 403
44 verbose stack Error: "You cannot publish over the previously published version 0.0.6." : karma-step-test
44 verbose stack     at makeError (/Users/carsonnwright/.nvm/versions/node/v7.5.0/lib/node_modules/npm/node_modules/npm-registry-client/lib/request.js:304:12)
44 verbose stack     at CachingRegistryClient.<anonymous> (/Users/carsonnwright/.nvm/versions/node/v7.5.0/lib/node_modules/npm/node_modules/npm-registry-client/lib/request.js:292:14)
44 verbose stack     at Request._callback (/Users/carsonnwright/.nvm/versions/node/v7.5.0/lib/node_modules/npm/node_modules/npm-registry-client/lib/request.js:212:14)
44 verbose stack     at Request.self.callback (/Users/carsonnwright/.nvm/versions/node/v7.5.0/lib/node_modules/npm/node_modules/request/request.js:186:22)
44 verbose stack     at emitTwo (events.js:106:13)
44 verbose stack     at Request.emit (events.js:192:7)
44 verbose stack     at Request.<anonymous> (/Users/carsonnwright/.nvm/versions/node/v7.5.0/lib/node_modules/npm/node_modules/request/request.js:1081:10)
44 verbose stack     at emitOne (events.js:96:13)
44 verbose stack     at Request.emit (events.js:189:7)
44 verbose stack     at IncomingMessage.<anonymous> (/Users/carsonnwright/.nvm/versions/node/v7.5.0/lib/node_modules/npm/node_modules/request/request.js:1001:12)
45 verbose statusCode 403
46 verbose pkgid karma-step-test
47 verbose cwd /Users/carsonnwright/Projects/karma-step-test
48 error Darwin 16.4.0
49 error argv "/Users/carsonnwright/.nvm/versions/node/v7.5.0/bin/node" "/Users/carsonnwright/.nvm/versions/node/v7.5.0/bin/npm" "publish"
50 error node v7.5.0
51 error npm  v4.1.2
52 error code E403
53 error "You cannot publish over the previously published version 0.0.6." : karma-step-test
54 error If you need help, you may report this error at:
54 error     <https://github.com/npm/npm/issues>
55 verbose exit [ 1, true ]
